<?xml version="1.0" encoding="UTF-8"?>
<!-- Generated by org.testng.reporters.JUnitReportReporter -->
<testsuite hostname="DESKTOP-O8I3D2G" failures="0" tests="1" name="org.rahulshetty.Tests.errorValidations" time="4.690" errors="0" timestamp="2023-06-02T13:47:48 EEST" skipped="0">
  <testcase classname="org.rahulshetty.Tests.errorValidations" name="errorValidationTest" time="4.690"/>
  <system-out/>
</testsuite> <!-- org.rahulshetty.Tests.errorValidations -->
