<?xml version="1.0" encoding="UTF-8"?>
<!-- Generated by org.testng.reporters.JUnitReportReporter -->
<testsuite hostname="DESKTOP-O8I3D2G" failures="0" tests="3" name="org.rahulshetty.Tests.SubmitOrderTest" time="34.965" errors="0" timestamp="2023-06-02T13:47:48 EEST" skipped="0">
  <testcase classname="org.rahulshetty.Tests.SubmitOrderTest" name="submitOrderTest" time="18.534"/>
  <system-out/>
  <testcase classname="org.rahulshetty.Tests.SubmitOrderTest" name="orderHistoryTest" time="3.621"/>
  <system-out/>
  <testcase classname="org.rahulshetty.Tests.SubmitOrderTest" name="submitOrderTest" time="12.810"/>
  <system-out/>
</testsuite> <!-- org.rahulshetty.Tests.SubmitOrderTest -->
